<?xml version="1.0" encoding="UTF-8"?>
<!-- Generated by org.testng.reporters.JUnitReportReporter -->
<testsuite skipped="0" hostname="pc" name="saucelabDemo" tests="1" failures="0" timestamp="30 Aug 2017 12:28:24 GMT" time="41.784" errors="0">
  <testcase name="firstTest" time="41.784" classname="saucelabDemo"/>
</testsuite> <!-- saucelabDemo -->
