<?xml version="1.0" encoding="UTF-8"?>
<!-- Generated by org.testng.reporters.JUnitReportReporter -->
<testsuite hostname="pc" name="saucelabDemo.saucelabDemo" tests="1" failures="0" timestamp="31 Aug 2017 08:40:48 GMT" time="40.730" errors="0">
  <testcase name="firstTest" time="40.730" classname="saucelabDemo.saucelabDemo"/>
</testsuite> <!-- saucelabDemo.saucelabDemo -->
